<?xml version="1.0" encoding="UTF-8"?>
<!-- Generated by org.testng.reporters.JUnitReportReporter -->
<testsuite skipped="0" hostname="HDC2-D-CBBWXJ2" name="util.NewTest" tests="1" failures="0" timestamp="2020-01-30T10:23:53 IST" time="0.016" errors="0">
  <testcase name="f" time="0.016" classname="util.NewTest"/>
</testsuite> <!-- util.NewTest -->
