<?xml version="1.0" encoding="UTF-8"?>
<!-- Generated by org.testng.reporters.JUnitReportReporter -->
<testsuite skipped="0" hostname="HDC2-D-CBBWXJ2" name="util.ExcelReader" tests="2" failures="0" timestamp="2020-01-29T16:59:13 IST" time="0.011" errors="0">
  <testcase name="f" time="0.002" classname="util.ExcelReader"/>
  <testcase name="f" time="0.009" classname="util.ExcelReader"/>
</testsuite> <!-- util.ExcelReader -->
