<?xml version="1.0" encoding="UTF-8"?>
<!-- Generated by org.testng.reporters.JUnitReportReporter -->
<testsuite skipped="0" hostname="HDC2-D-CBBWXJ2" name="util.Registrationpage" tests="1" failures="0" timestamp="2020-01-29T16:35:08 IST" time="23.488" errors="0">
  <testcase name="register" time="23.488" classname="util.Registrationpage"/>
</testsuite> <!-- util.Registrationpage -->
